2020.11.13 11:50:48 INFO  Started: Metals version 0.9.5 in workspace '/Users/mats2/Documents/GitHub/Ribn-Chrome' for client vscode.
2020.11.13 11:51:10 INFO  time: initialize in 22s
2020.11.13 11:51:15 WARN  Build server is not auto-connectable.
2020.11.13 11:51:15 WARN  no build tool detected in workspace '/Users/mats2/Documents/GitHub/Ribn-Chrome'. The most common cause for this problem is that the editor was opened in the wrong working directory, for example if you use sbt then the workspace directory should contain build.sbt. 
2020.12.31 00:40:39 INFO  Started: Metals version 0.9.8 in workspace '/Users/mats2/Documents/GitHub/Ribn-Chrome' for client vscode.
2020.12.31 00:41:15 INFO  time: initialize in 36s
2020.12.31 00:41:24 WARN  Build server is not auto-connectable.
2020.12.31 00:41:24 WARN  no build tool detected in workspace '/Users/mats2/Documents/GitHub/Ribn-Chrome'. The most common cause for this problem is that the editor was opened in the wrong working directory, for example if you use sbt then the workspace directory should contain build.sbt. 
2021.01.01 02:40:04 INFO  shutting down Metals
2021.01.01 02:42:03 INFO  Started: Metals version 0.9.8 in workspace '/Users/mats2/Documents/GitHub/Ribn-Chrome' for client vscode.
2021.01.01 02:42:21 INFO  time: initialize in 17s
2021.01.01 02:42:24 WARN  Build server is not auto-connectable.
2021.01.01 02:42:24 WARN  no build tool detected in workspace '/Users/mats2/Documents/GitHub/Ribn-Chrome'. The most common cause for this problem is that the editor was opened in the wrong working directory, for example if you use sbt then the workspace directory should contain build.sbt. 
2021.01.04 15:59:59 INFO  shutting down Metals
2021.01.04 16:02:19 INFO  Started: Metals version 0.9.8 in workspace '/Users/mats2/Documents/GitHub/Ribn-Chrome' for client vscode.
2021.01.04 16:02:40 INFO  time: initialize in 21s
2021.01.04 16:02:44 WARN  Build server is not auto-connectable.
2021.01.04 16:02:44 WARN  no build tool detected in workspace '/Users/mats2/Documents/GitHub/Ribn-Chrome'. The most common cause for this problem is that the editor was opened in the wrong working directory, for example if you use sbt then the workspace directory should contain build.sbt. 
2021.01.07 16:53:24 INFO  Started: Metals version 0.9.8 in workspace '/Users/mats2/Documents/GitHub/Ribn-Chrome' for client vscode.
2021.01.07 16:53:38 INFO  time: initialize in 14s
2021.01.07 16:53:51 WARN  Build server is not auto-connectable.
2021.01.07 16:53:51 WARN  no build tool detected in workspace '/Users/mats2/Documents/GitHub/Ribn-Chrome'. The most common cause for this problem is that the editor was opened in the wrong working directory, for example if you use sbt then the workspace directory should contain build.sbt. 
2021.01.11 11:36:43 INFO  shutting down Metals
